[debug] [2024-02-12T05:36:42.044Z] ----------------------------------------------------------------------
[debug] [2024-02-12T05:36:42.046Z] Command:       C:\Program Files\nodejs\node.exe C:\Users\admin\AppData\Roaming\npm\node_modules\firebase-tools\lib\bin\firebase.js init
[debug] [2024-02-12T05:36:42.046Z] CLI Version:   13.2.1
[debug] [2024-02-12T05:36:42.046Z] Platform:      win32
[debug] [2024-02-12T05:36:42.047Z] Node Version:  v18.7.0
[debug] [2024-02-12T05:36:42.047Z] Time:          Mon Feb 12 2024 10:36:42 GMT+0500 (Екатеринбург, стандартное время)
[debug] [2024-02-12T05:36:42.047Z] ----------------------------------------------------------------------
[debug] 
[debug] [2024-02-12T05:36:42.050Z] >>> [apiv2][query] GET https://firebase-public.firebaseio.com/cli.json [none]
[debug] [2024-02-12T05:36:42.088Z] > command requires scopes: ["email","openid","https://www.googleapis.com/auth/cloudplatformprojects.readonly","https://www.googleapis.com/auth/firebase","https://www.googleapis.com/auth/cloud-platform"]
[debug] [2024-02-12T05:36:42.088Z] > authorizing via signed-in user (propaganda1108@gmail.com)
[info] 
     ######## #### ########  ######## ########     ###     ######  ########
     ##        ##  ##     ## ##       ##     ##  ##   ##  ##       ##
     ######    ##  ########  ######   ########  #########  ######  ######
     ##        ##  ##    ##  ##       ##     ## ##     ##       ## ##
     ##       #### ##     ## ######## ########  ##     ##  ######  ########

You're about to initialize a Firebase project in this directory:

  D:\REACT-TYPESCRIPT\app\frontend

[debug] [2024-02-12T05:36:42.534Z] <<< [apiv2][status] GET https://firebase-public.firebaseio.com/cli.json 200
[debug] [2024-02-12T05:36:42.534Z] <<< [apiv2][body] GET https://firebase-public.firebaseio.com/cli.json {"cloudBuildErrorAfter":1594252800000,"cloudBuildWarnAfter":1590019200000,"defaultNode10After":1594252800000,"minVersion":"3.0.5","node8DeploysDisabledAfter":1613390400000,"node8RuntimeDisabledAfter":1615809600000,"node8WarnAfter":1600128000000}
